[2015-04-10]
1.优化了模型功能，支持多个模型关联同一张数据表

[2015-04-09]
1.栏目增加模型功能
2.系统设置增加格式验证(修复js代码被执行的问题)

[2015-04-01]
1.更新easyui版本到1.4.2
2.更新jquery版本到1.11.1

[2015-03-26]
1.优化上传管理
2.增加上传弹出层方法，支持签名验证（防止非法上传）

[2015-03-20]
1.增加图片水印功能，支持自定义水印图片
2.封装了storage支持FTP模式
3.增加文件上传管理模块（支持SAE+FTP+本地三种模式）

[2015-03-12]
1.增加了缩略图裁剪功能（支持gif图）

[2015-03-05]
1.增加了邮件模版功能
2.邮件类增加了发送附件方法

[2015-02-27]
1.更新easyui版本到1.4.1，同时修复升级后部分兼容性问题
2.内容管理有些功能进行了重构（废除了之前的news表所有操作）
3.修复了一些mac系统上的样式问题

[2015-02-08]
1.缓存管理优化
2.栏目菜单优化
3.部分样式兼容性调整

[2015-01-26]
1.修改了word上传脚本端口为10101(部分系统上要求自定义端口值较大)，同时修复macos上路径识别问题
2.将ckeditor粘贴上传功能封装成了一个独立的插件，方便移植到任何使用ckeditor的环境中使用

[2015-01-22]
1.增加了ckeditor远程上传图片分批操作，防止一次上传的图片过多导致超时
2.修复sae环境文件上传后路径不正确的问题

[2015-01-21]
1.封装了ckeditor粘贴图片自动上传功能
2.增加了ckeditor支持word图片上传功能（需配合本人开发的nodejs服务使用，兼容windows linux 和 mac）
3.增加了远程抓图的功能（防盗链的图片除外）

[2015-01-20]
1.后台编辑器更换为ckeditor 4.4.6

[2014-12-16]
1.后台界面优化（不再兼容IE8及以下浏览器）

[2014-11-01]
1.后台基础功能已完成(不兼容旧的版本)，扩展功能需要开发完官方网站才能继续

[2014-10-21]
1.栏目菜单数据表字段调整
2.内容管理数据表字段调整

[2014-10-17]
1.增加用户管理重置密码功能
2.会员管理增加几个字段
3.菜单结构调整

[2014-10-14]
1.优化内容管理模块代码

[2014-10-12]
1.原系统设置模块代码合并到其他模块
2.增加管理员日志记录表
3.移除全部formvalidator插件功能
4.启用tabs缓存

[2014-10-11]
1.菜单结构调整

[2014-10-07]
1.增加单点登录功能
2.优化消息提示效果
3.部分样式调整

[2014-09-29]
1.开始移除formvalidator插件部分

[2014-09-25]
1.完善权限控制

[2014-09-23]
1.栏目权限增加导入导出控制
2.移除IE调用activeX上传（兼容性不太理想）

[2014-09-22]
1.修复try catch使用命名空间报错的问题
2.增加站点设置和内容管理导入导出功能

[2014-09-20]
1.导入导出文件目录调整
2.增加菜单管理导入功能（初期方案）
3.导入导出加密规则调整
4.增加栏目管理导入导出功能
5.针对导入功能安全性调整（移除eval等函数）

[2014-09-17]
1.修复编辑器中出现换行时js报错的问题
2.缩略图点击上传增加IE支持(需启用activeX)

[2014-09-16]
1.列表图标统一变动

[2014-09-15]
1.角色管理中增加栏目权限功能，可以控制内容管理中的栏目权限
2.修复权限设置无效的问题
3.数据库增加对应的菜单项
4.增加菜单管理导出功能

[2014-09-14]
1.后台首页模块调整
2.修复sae上传失败问题

[2014-09-13]
1.将文本编辑器封装成接口调用，方便后期直接更换成其他编辑器
2.将编辑字段进行统一封装，方便后期做成功能统一管理
3.完成内容管理中全部编辑页面
4.ThinkPHP版本升级到目前最新
5.栏目菜单显示调整到左侧

[2014-09-12]
1.调整内容管理右侧栏目菜单显示效果
2.内容管理部分栏目页面编辑界面调整

[2014-09-11]
1.增加用户详情查看功能

[2014-08-17]
1.修复临时文件管理在windows上的路径显示问题

[2014-08-12]
1.调整联合登录表结构为本地用户可以同时关联多种平台账号，同时修改用户列表对应展示

[2014-08-07]
1.修复了菜单管理中编辑时上级菜单设置不正确会导致整个数据查看不到的问题

[2014-08-06]
1.修复了点击搜索按钮后分页数显示问题
2.增加后台首页改动日志和特别鸣谢两个模块
3.调整ip获取方式为高级模式，防止使用代理后获取到内网ip
4.修复日志记录中出现特殊符号后整个页面显示不正常问题
